2017-01-27 10:55:18,366 CRIT Set uid to user 0
2017-01-27 10:55:18,382 INFO supervisord started with pid 7
2017-01-27 10:55:19,396 INFO spawned: 'httpd' with pid 10
2017-01-27 10:55:19,408 INFO spawned: 'mariadb' with pid 11
2017-01-27 10:55:19,515 INFO exited: httpd (exit status 0; not expected)
2017-01-27 10:55:21,066 INFO spawned: 'httpd' with pid 30
2017-01-27 10:55:21,067 INFO success: mariadb entered RUNNING state, process has stayed up for > than 1 seconds (startsecs)
2017-01-27 10:55:21,142 INFO exited: httpd (exit status 0; not expected)
2017-01-27 10:55:23,159 INFO spawned: 'httpd' with pid 33
2017-01-27 10:55:23,216 INFO exited: httpd (exit status 0; not expected)
2017-01-27 10:55:26,230 INFO spawned: 'httpd' with pid 34
2017-01-27 10:55:26,291 INFO exited: httpd (exit status 0; not expected)
2017-01-27 10:55:27,296 INFO gave up: httpd entered FATAL state, too many start retries too quickly
2017-01-27 10:56:43,431 CRIT Set uid to user 0
2017-01-27 10:56:43,441 INFO supervisord started with pid 7
2017-01-27 10:56:44,445 INFO spawned: 'httpd' with pid 10
2017-01-27 10:56:44,450 INFO spawned: 'mariadb' with pid 11
2017-01-27 10:56:44,512 INFO exited: httpd (exit status 0; not expected)
2017-01-27 10:56:45,580 INFO spawned: 'httpd' with pid 30
2017-01-27 10:56:45,582 INFO success: mariadb entered RUNNING state, process has stayed up for > than 1 seconds (startsecs)
2017-01-27 10:56:45,668 INFO exited: httpd (exit status 0; not expected)
2017-01-27 10:56:47,679 INFO spawned: 'httpd' with pid 33
2017-01-27 10:56:47,734 INFO exited: httpd (exit status 0; not expected)
2017-01-27 10:56:50,750 INFO spawned: 'httpd' with pid 34
2017-01-27 10:56:50,807 INFO exited: httpd (exit status 0; not expected)
2017-01-27 10:56:51,813 INFO gave up: httpd entered FATAL state, too many start retries too quickly
2017-01-27 10:59:52,891 CRIT Set uid to user 0
2017-01-27 10:59:52,900 INFO supervisord started with pid 7
2017-01-27 10:59:53,905 INFO spawned: 'httpd' with pid 10
2017-01-27 10:59:53,908 INFO spawned: 'mariadb' with pid 11
2017-01-27 10:59:55,797 INFO success: httpd entered RUNNING state, process has stayed up for > than 1 seconds (startsecs)
2017-01-27 10:59:55,825 INFO success: mariadb entered RUNNING state, process has stayed up for > than 1 seconds (startsecs)
